{"contracts/Raffle.sol":{"l":{"54":3,"55":3,"56":3,"57":3,"58":3,"59":3,"60":3,"61":3,"66":5,"67":1,"69":4,"70":1,"72":3,"73":3,"96":1,"97":1,"98":1,"99":1,"100":1,"106":1,"107":1,"108":0,"114":1,"115":1,"122":1,"129":0,"130":0,"131":0,"132":0,"133":0,"134":0,"135":0,"136":0,"137":0,"139":0,"144":5,"148":1,"152":0,"156":1,"161":0,"165":0,"169":0,"173":0,"177":5},"path":"/Users/aaiiwitf/Projects/hh-fcc/hardhat-smartcontract-lottery-fcc/contracts/Raffle.sol","s":{"1":3,"2":3,"3":3,"4":3,"5":3,"6":3,"7":3,"8":3,"9":5,"10":4,"11":3,"12":3,"13":1,"14":1,"15":1,"16":1,"17":1,"18":1,"19":1,"20":1,"21":1,"22":1,"23":0,"24":0,"25":0,"26":0,"27":0,"28":0,"29":0,"30":0,"31":0,"32":5,"33":1,"34":0,"35":1,"36":0,"37":0,"38":0,"39":0,"40":5},"b":{"1":[1,4],"2":[1,3],"3":[0,1],"4":[0,0]},"f":{"1":3,"2":5,"3":1,"4":1,"5":0,"6":5,"7":1,"8":0,"9":1,"10":0,"11":0,"12":0,"13":0,"14":5},"fnMap":{"1":{"name":"constructor","line":53,"loc":{"start":{"line":46,"column":4},"end":{"line":62,"column":4}}},"2":{"name":"enterRaffle","line":65,"loc":{"start":{"line":65,"column":4},"end":{"line":74,"column":4}}},"3":{"name":"checkUpkeep","line":86,"loc":{"start":{"line":86,"column":4},"end":{"line":101,"column":4}}},"4":{"name":"performUpkeep","line":103,"loc":{"start":{"line":103,"column":4},"end":{"line":123,"column":4}}},"5":{"name":"fulfillRandomWords","line":125,"loc":{"start":{"line":125,"column":4},"end":{"line":140,"column":4}}},"6":{"name":"getEntranceFee","line":143,"loc":{"start":{"line":143,"column":4},"end":{"line":145,"column":4}}},"7":{"name":"getPlayer","line":147,"loc":{"start":{"line":147,"column":4},"end":{"line":149,"column":4}}},"8":{"name":"getRecentWinner","line":151,"loc":{"start":{"line":151,"column":4},"end":{"line":153,"column":4}}},"9":{"name":"getRaffleState","line":155,"loc":{"start":{"line":155,"column":4},"end":{"line":157,"column":4}}},"10":{"name":"getNumWords","line":159,"loc":{"start":{"line":159,"column":4},"end":{"line":162,"column":4}}},"11":{"name":"getNumberOfPlayers","line":164,"loc":{"start":{"line":164,"column":4},"end":{"line":166,"column":4}}},"12":{"name":"getLastestTimeStamp","line":168,"loc":{"start":{"line":168,"column":4},"end":{"line":170,"column":4}}},"13":{"name":"getRequestConfirmations","line":172,"loc":{"start":{"line":172,"column":4},"end":{"line":174,"column":4}}},"14":{"name":"getInterval","line":176,"loc":{"start":{"line":176,"column":4},"end":{"line":178,"column":4}}}},"statementMap":{"1":{"start":{"line":54,"column":8},"end":{"line":54,"column":34}},"2":{"start":{"line":55,"column":8},"end":{"line":55,"column":69}},"3":{"start":{"line":56,"column":8},"end":{"line":56,"column":26}},"4":{"start":{"line":57,"column":8},"end":{"line":57,"column":40}},"5":{"start":{"line":58,"column":8},"end":{"line":58,"column":44}},"6":{"start":{"line":59,"column":8},"end":{"line":59,"column":39}},"7":{"start":{"line":60,"column":8},"end":{"line":60,"column":40}},"8":{"start":{"line":61,"column":8},"end":{"line":61,"column":28}},"9":{"start":{"line":66,"column":8},"end":{"line":66,"column":2270}},"10":{"start":{"line":69,"column":8},"end":{"line":69,"column":2371}},"11":{"start":{"line":72,"column":8},"end":{"line":72,"column":42}},"12":{"start":{"line":73,"column":8},"end":{"line":73,"column":36}},"13":{"start":{"line":96,"column":8},"end":{"line":96,"column":57}},"14":{"start":{"line":97,"column":8},"end":{"line":97,"column":76}},"15":{"start":{"line":98,"column":8},"end":{"line":98,"column":48}},"16":{"start":{"line":99,"column":8},"end":{"line":99,"column":51}},"17":{"start":{"line":100,"column":8},"end":{"line":100,"column":72}},"18":{"start":{"line":106,"column":8},"end":{"line":106,"column":47}},"19":{"start":{"line":107,"column":8},"end":{"line":107,"column":3665}},"20":{"start":{"line":114,"column":8},"end":{"line":114,"column":46}},"21":{"start":{"line":115,"column":8},"end":{"line":115,"column":3925}},"22":{"start":{"line":122,"column":8},"end":{"line":122,"column":45}},"23":{"start":{"line":129,"column":8},"end":{"line":129,"column":65}},"24":{"start":{"line":130,"column":8},"end":{"line":130,"column":63}},"25":{"start":{"line":131,"column":8},"end":{"line":131,"column":36}},"26":{"start":{"line":132,"column":8},"end":{"line":132,"column":39}},"27":{"start":{"line":133,"column":8},"end":{"line":133,"column":43}},"28":{"start":{"line":134,"column":8},"end":{"line":134,"column":40}},"29":{"start":{"line":135,"column":8},"end":{"line":135,"column":78}},"30":{"start":{"line":136,"column":8},"end":{"line":136,"column":4737}},"31":{"start":{"line":139,"column":8},"end":{"line":139,"column":39}},"32":{"start":{"line":144,"column":8},"end":{"line":144,"column":28}},"33":{"start":{"line":148,"column":8},"end":{"line":148,"column":31}},"34":{"start":{"line":152,"column":8},"end":{"line":152,"column":29}},"35":{"start":{"line":156,"column":8},"end":{"line":156,"column":28}},"36":{"start":{"line":161,"column":8},"end":{"line":161,"column":24}},"37":{"start":{"line":165,"column":8},"end":{"line":165,"column":31}},"38":{"start":{"line":169,"column":8},"end":{"line":169,"column":30}},"39":{"start":{"line":173,"column":8},"end":{"line":173,"column":36}},"40":{"start":{"line":177,"column":8},"end":{"line":177,"column":25}}},"branchMap":{"1":{"line":66,"type":"if","locations":[{"start":{"line":66,"column":8},"end":{"line":66,"column":8}},{"start":{"line":66,"column":8},"end":{"line":66,"column":8}}]},"2":{"line":69,"type":"if","locations":[{"start":{"line":69,"column":8},"end":{"line":69,"column":8}},{"start":{"line":69,"column":8},"end":{"line":69,"column":8}}]},"3":{"line":107,"type":"if","locations":[{"start":{"line":107,"column":8},"end":{"line":107,"column":8}},{"start":{"line":107,"column":8},"end":{"line":107,"column":8}}]},"4":{"line":136,"type":"if","locations":[{"start":{"line":136,"column":8},"end":{"line":136,"column":8}},{"start":{"line":136,"column":8},"end":{"line":136,"column":8}}]}}},"contracts/test/VRFCoordinatorV2Mock.sol":{"l":{},"path":"/Users/aaiiwitf/Projects/hh-fcc/hardhat-smartcontract-lottery-fcc/contracts/test/VRFCoordinatorV2Mock.sol","s":{},"b":{},"f":{},"fnMap":{},"statementMap":{},"branchMap":{}}}